{
  "RSpec": {
    "coverage": {
      "/home/topi/wpo_RoR/ratebeer/app/models/rating.rb": [
        1,
        1,
        1,
        null,
        1,
        null,
        2,
        1,
        12,
        null,
        null
      ],
      "/home/topi/wpo_RoR/ratebeer/app/helpers/application_helper.rb": [
        1,
        1,
        1,
        1,
        1,
        null,
        1,
        null,
        null,
        1,
        0,
        null,
        null
      ],
      "/home/topi/wpo_RoR/ratebeer/app/helpers/beer_clubs_helper.rb": [
        1,
        null
      ],
      "/home/topi/wpo_RoR/ratebeer/app/helpers/beers_helper.rb": [
        1,
        null
      ],
      "/home/topi/wpo_RoR/ratebeer/app/helpers/breweries_helper.rb": [
        1,
        null
      ],
      "/home/topi/wpo_RoR/ratebeer/app/helpers/memberships_helper.rb": [
        1,
        null
      ],
      "/home/topi/wpo_RoR/ratebeer/app/helpers/styles_helper.rb": [
        1,
        null
      ],
      "/home/topi/wpo_RoR/ratebeer/app/helpers/users_helper.rb": [
        1,
        null
      ],
      "/home/topi/wpo_RoR/ratebeer/app/models/beer.rb": [
        1,
        1,
        null,
        1,
        1,
        1,
        1,
        null,
        1,
        1,
        null,
        1,
        0,
        0,
        null,
        null,
        null,
        1,
        0,
        0,
        null,
        null,
        null,
        1,
        1,
        null,
        1,
        6,
        1,
        null,
        null
      ],
      "/home/topi/wpo_RoR/ratebeer/app/models/concerns/rating_average.rb": [
        1,
        null,
        1,
        null,
        null,
        34,
        11,
        null,
        67,
        null,
        null,
        null
      ],
      "/home/topi/wpo_RoR/ratebeer/app/models/brewery.rb": [
        1,
        1,
        1,
        1,
        null,
        1,
        50,
        null,
        null,
        4,
        4,
        null,
        1,
        0,
        0,
        0,
        null,
        null,
        1,
        3,
        1,
        null,
        null,
        1,
        1,
        null,
        null
      ],
      "/home/topi/wpo_RoR/ratebeer/app/models/user.rb": [
        1,
        1,
        1,
        null,
        1,
        1,
        null,
        1,
        1,
        null,
        1,
        null,
        1,
        1,
        null,
        null,
        1,
        8,
        7,
        null,
        1,
        8,
        null,
        32,
        7,
        7,
        null,
        null,
        null,
        13,
        null,
        20,
        null,
        1,
        8,
        null,
        32,
        7,
        7,
        null,
        null,
        null,
        7,
        null,
        14,
        null,
        null,
        1,
        0,
        null,
        null,
        1,
        2,
        1,
        null,
        null,
        1,
        0,
        null,
        null,
        1,
        5,
        null,
        null,
        null
      ],
      "/home/topi/wpo_RoR/ratebeer/app/models/style.rb": [
        1,
        1,
        1,
        1,
        null,
        1,
        6,
        1,
        null,
        null
      ],
      "/home/topi/wpo_RoR/ratebeer/app/controllers/beers_controller.rb": [
        1,
        1,
        1,
        1,
        1,
        null,
        null,
        1,
        5,
        null,
        5,
        null,
        5,
        null,
        18,
        null,
        0,
        null,
        0,
        null,
        null,
        null,
        null,
        null,
        1,
        0,
        0,
        0,
        null,
        null,
        null,
        1,
        2,
        2,
        2,
        null,
        null,
        1,
        null,
        null,
        null,
        null,
        1,
        0,
        0,
        null,
        null,
        null,
        null,
        1,
        8,
        2,
        2,
        null,
        2,
        2,
        2,
        1,
        null,
        1,
        2,
        1,
        null,
        null,
        null,
        null,
        null,
        null,
        1,
        0,
        0,
        0,
        0,
        0,
        null,
        0,
        0,
        null,
        null,
        null,
        null,
        null,
        null,
        1,
        0,
        0,
        0,
        0,
        0,
        null,
        null,
        null,
        1,
        null,
        1,
        0,
        null,
        null,
        null,
        1,
        2,
        null,
        null,
        1,
        0,
        0,
        null,
        1,
        5,
        5,
        null,
        null
      ],
      "/home/topi/wpo_RoR/ratebeer/app/controllers/application_controller.rb": [
        1,
        null,
        null,
        1,
        1,
        null,
        1,
        94,
        45,
        null,
        1,
        4,
        null,
        1,
        0,
        null,
        null,
        null
      ],
      "/home/topi/wpo_RoR/ratebeer/app/controllers/sessions_controller.rb": [
        1,
        null,
        1,
        null,
        null,
        null,
        1,
        5,
        null,
        5,
        0,
        5,
        4,
        4,
        null,
        null,
        1,
        null,
        null,
        null,
        null,
        1,
        0,
        0,
        null,
        null,
        null,
        1,
        null,
        null,
        null
      ],
      "/home/topi/wpo_RoR/ratebeer/app/controllers/users_controller.rb": [
        1,
        1,
        null,
        null,
        null,
        1,
        0,
        null,
        null,
        null,
        null,
        1,
        null,
        null,
        null,
        1,
        1,
        null,
        null,
        null,
        1,
        null,
        null,
        1,
        0,
        0,
        null,
        0,
        null,
        0,
        null,
        null,
        null,
        null,
        1,
        1,
        null,
        1,
        1,
        2,
        1,
        null,
        0,
        0,
        null,
        null,
        null,
        null,
        null,
        null,
        1,
        0,
        0,
        0,
        0,
        null,
        0,
        0,
        null,
        null,
        null,
        null,
        null,
        null,
        1,
        0,
        0,
        0,
        0,
        null,
        null,
        null,
        null,
        1,
        null,
        1,
        9,
        null,
        null,
        null,
        1,
        1,
        null,
        null,
        null
      ],
      "/home/topi/wpo_RoR/ratebeer/app/models/membership.rb": [
        1,
        1,
        1,
        null,
        null
      ],
      "/home/topi/wpo_RoR/ratebeer/app/models/beer_club.rb": [
        1,
        1,
        1,
        null,
        null
      ],
      "/home/topi/wpo_RoR/ratebeer/app/controllers/breweries_controller.rb": [
        1,
        1,
        1,
        1,
        1,
        null,
        null,
        null,
        1,
        3,
        3,
        3,
        null,
        3,
        null,
        3,
        null,
        3,
        null,
        0,
        null,
        3,
        null,
        9,
        null,
        0,
        null,
        null,
        null,
        null,
        1,
        0,
        0,
        null,
        0,
        null,
        0,
        null,
        null,
        1,
        null,
        1,
        null,
        null,
        null,
        null,
        1,
        0,
        null,
        null,
        null,
        1,
        null,
        null,
        null,
        null,
        1,
        0,
        0,
        null,
        0,
        0,
        0,
        0,
        null,
        0,
        0,
        null,
        null,
        null,
        null,
        null,
        null,
        1,
        0,
        0,
        0,
        0,
        0,
        null,
        0,
        0,
        null,
        null,
        null,
        null,
        null,
        null,
        1,
        0,
        0,
        0,
        0,
        0,
        null,
        null,
        null,
        1,
        null,
        1,
        0,
        0,
        0,
        null,
        null,
        null,
        1,
        1,
        null,
        null,
        null,
        1,
        0,
        null,
        1,
        3,
        3,
        null,
        null
      ],
      "/home/topi/wpo_RoR/ratebeer/lib/beermapping_api.rb": [
        1,
        1,
        9,
        14,
        null,
        null,
        1,
        0,
        null,
        null,
        1,
        null,
        1,
        5,
        null,
        5,
        5,
        null,
        5,
        null,
        3,
        3,
        5,
        null,
        null,
        null,
        1,
        5,
        5,
        null,
        null
      ],
      "/home/topi/wpo_RoR/ratebeer/app/models/place.rb": [
        1,
        1,
        6,
        null,
        null,
        1,
        0,
        null,
        null,
        1,
        0,
        null,
        null
      ],
      "/home/topi/wpo_RoR/ratebeer/lib/weather_service.rb": [
        1,
        1,
        0,
        0,
        0,
        0,
        null,
        null
      ],
      "/home/topi/wpo_RoR/ratebeer/app/controllers/places_controller.rb": [
        1,
        1,
        1,
        null,
        null,
        1,
        0,
        null,
        null,
        1,
        3,
        3,
        3,
        3,
        null,
        3,
        null,
        null
      ],
      "/home/topi/wpo_RoR/ratebeer/app/controllers/ratings_controller.rb": [
        1,
        null,
        1,
        0,
        null,
        0,
        0,
        null,
        0,
        0,
        0,
        null,
        0,
        0,
        null,
        null,
        null,
        1,
        1,
        1,
        1,
        1,
        1,
        1,
        null,
        null,
        1,
        0,
        0,
        null,
        null,
        1,
        0,
        0,
        0,
        null,
        null,
        null
      ],
      "/home/topi/wpo_RoR/ratebeer/app/controllers/styles_controller.rb": [
        0,
        0,
        0,
        0,
        0,
        0,
        0,
        0,
        0,
        0,
        0,
        0,
        0,
        0,
        0,
        0,
        0,
        0,
        0,
        0,
        0,
        0,
        0,
        0,
        0,
        0,
        0,
        0,
        0,
        0,
        0,
        0,
        0,
        0,
        0,
        0,
        0,
        0,
        0,
        0,
        0,
        0,
        0,
        0,
        0,
        0,
        0,
        0,
        0,
        0,
        0,
        0,
        0,
        0,
        0,
        0,
        0,
        0,
        0,
        0,
        0,
        0,
        0,
        0,
        0,
        0,
        0,
        0,
        0,
        0,
        0,
        0,
        0,
        0,
        0,
        0
      ],
      "/home/topi/wpo_RoR/ratebeer/app/controllers/memberships_controller.rb": [
        0,
        0,
        0,
        0,
        0,
        0,
        0,
        0,
        0,
        0,
        0,
        0,
        0,
        0,
        0,
        0,
        0,
        0,
        0,
        0,
        0,
        0,
        0,
        0,
        0,
        0,
        0,
        0,
        0,
        0,
        0,
        0,
        0,
        0,
        0,
        0,
        0,
        0,
        0,
        0,
        0,
        0,
        0,
        0,
        0,
        0,
        0,
        0,
        0,
        0,
        0,
        0,
        0,
        0,
        0,
        0,
        0,
        0,
        0,
        0,
        0,
        0,
        0,
        0,
        0,
        0,
        0,
        0,
        0,
        0,
        0,
        0,
        0,
        0,
        0,
        0,
        0,
        0,
        0
      ],
      "/home/topi/wpo_RoR/ratebeer/app/controllers/beer_clubs_controller.rb": [
        0,
        0,
        0,
        0,
        0,
        0,
        0,
        0,
        0,
        0,
        0,
        0,
        0,
        0,
        0,
        0,
        0,
        0,
        0,
        0,
        0,
        0,
        0,
        0,
        0,
        0,
        0,
        0,
        0,
        0,
        0,
        0,
        0,
        0,
        0,
        0,
        0,
        0,
        0,
        0,
        0,
        0,
        0,
        0,
        0,
        0,
        0,
        0,
        0,
        0,
        0,
        0,
        0,
        0,
        0,
        0,
        0,
        0,
        0,
        0,
        0,
        0,
        0,
        0,
        0,
        0,
        0,
        0,
        0,
        0,
        0,
        0,
        0,
        0,
        0,
        0,
        0,
        0,
        0,
        0,
        0,
        0,
        0
      ],
      "/home/topi/wpo_RoR/ratebeer/app/models/weather.rb": [
        0,
        0,
        0,
        0,
        0,
        0,
        0,
        0,
        0,
        0
      ]
    },
    "timestamp": 1488831615
  }
}
